<?xml version="1.0" encoding="UTF-8"?>
<!-- Generated by org.testng.reporters.JUnitReportReporter -->
<testsuite hostname="GBL001318" name="net.apmoller.crb.portal.executionEngine.TestRunner" tests="1" failures="0" timestamp="5 Aug 2016 09:33:45 GMT" time="360.890" errors="0">
  <testcase name="regressionSuite" time="360.890" classname="net.apmoller.crb.portal.executionEngine.TestRunner"/>
</testsuite> <!-- net.apmoller.crb.portal.executionEngine.TestRunner -->
